{
  "Cucumber Features": {
    "coverage": {
      "c:/Users/Riad/Documents/Aptana Studio 3 Workspace/WebTutor-master/app/controllers/access_controller.rb": [
        1,
        null,
        1,
        null,
        1,
        null,
        0,
        0,
        null,
        0,
        null,
        0,
        null,
        0,
        null,
        null,
        null,
        null,
        1,
        null,
        null,
        null,
        null,
        1,
        null,
        null,
        null,
        1,
        null,
        null,
        null,
        null,
        1,
        0,
        0,
        0,
        0,
        0,
        null,
        null,
        0,
        null,
        0,
        0,
        null,
        null,
        0,
        null,
        0,
        0,
        0,
        0,
        null,
        0,
        null,
        0,
        null,
        0,
        null,
        0,
        null,
        null,
        null,
        0,
        0,
        null,
        null,
        0,
        0,
        null,
        null,
        null,
        1,
        null,
        0,
        0,
        0,
        0,
        0,
        null,
        null,
        null
      ],
      "c:/Users/Riad/Documents/Aptana Studio 3 Workspace/WebTutor-master/app/controllers/application_controller.rb": [
        1,
        1,
        null,
        1,
        null,
        1,
        1,
        1,
        1,
        1,
        1,
        1,
        null,
        0,
        0,
        null,
        null,
        null,
        null
      ],
      "c:/Users/Riad/Documents/Aptana Studio 3 Workspace/WebTutor-master/app/helpers/application_helper.rb": [
        1,
        null
      ],
      "c:/Users/Riad/Documents/Aptana Studio 3 Workspace/WebTutor-master/app/helpers/access_helper.rb": [
        1,
        null
      ],
      "c:/Users/Riad/Documents/Aptana Studio 3 Workspace/WebTutor-master/app/helpers/comments_helper.rb": [
        1,
        null
      ],
      "c:/Users/Riad/Documents/Aptana Studio 3 Workspace/WebTutor-master/app/helpers/tutorials_helper.rb": [
        1,
        null
      ],
      "c:/Users/Riad/Documents/Aptana Studio 3 Workspace/WebTutor-master/app/helpers/users_helper.rb": [
        1,
        null
      ],
      "c:/Users/Riad/Documents/Aptana Studio 3 Workspace/WebTutor-master/app/controllers/comments_controller.rb": [
        1,
        null,
        null,
        1,
        0,
        null,
        0,
        0,
        0,
        null,
        null,
        null,
        null,
        1,
        0,
        null,
        null,
        null,
        null,
        1,
        2,
        2,
        null,
        2,
        2,
        4,
        2,
        2,
        null,
        0,
        0,
        null,
        null,
        null,
        null,
        null,
        null,
        1,
        0,
        null,
        0,
        0,
        0,
        0,
        null,
        0,
        0,
        null,
        null,
        null,
        null,
        null,
        null,
        1,
        1,
        1,
        null,
        1,
        2,
        1,
        null,
        null,
        null
      ],
      "c:/Users/Riad/Documents/Aptana Studio 3 Workspace/WebTutor-master/app/models/comment.rb": [
        1,
        1,
        null,
        1,
        1,
        1,
        null,
        null
      ],
      "c:/Users/Riad/Documents/Aptana Studio 3 Workspace/WebTutor-master/app/controllers/tutorials_controller.rb": [
        1,
        null,
        null,
        1,
        4,
        null,
        4,
        4,
        4,
        null,
        null,
        null,
        null,
        null,
        1,
        7,
        null,
        7,
        7,
        7,
        null,
        null,
        null,
        null,
        null,
        1,
        1,
        null,
        1,
        1,
        1,
        null,
        null,
        null,
        null,
        1,
        0,
        null,
        null,
        null,
        null,
        1,
        1,
        null,
        1,
        1,
        2,
        1,
        null,
        0,
        0,
        null,
        null,
        null,
        null,
        null,
        null,
        1,
        0,
        null,
        0,
        0,
        0,
        0,
        null,
        0,
        0,
        null,
        null,
        null,
        null,
        null,
        null,
        1,
        0,
        0,
        null,
        0,
        0,
        0,
        null,
        null,
        null
      ],
      "c:/Users/Riad/Documents/Aptana Studio 3 Workspace/WebTutor-master/app/models/tutorial.rb": [
        1,
        1,
        null,
        1,
        null,
        1,
        null,
        null,
        1,
        1,
        1,
        null,
        null,
        null,
        1,
        1,
        null
      ],
      "c:/Users/Riad/Documents/Aptana Studio 3 Workspace/WebTutor-master/app/controllers/users_controller.rb": [
        1,
        null,
        null,
        1,
        null,
        1,
        0,
        null,
        0,
        0,
        0,
        null,
        null,
        null,
        null,
        null,
        1,
        0,
        null,
        0,
        0,
        0,
        null,
        null,
        null,
        null,
        null,
        1,
        1,
        null,
        1,
        1,
        1,
        null,
        null,
        null,
        null,
        1,
        0,
        null,
        null,
        null,
        null,
        1,
        1,
        null,
        0,
        0,
        0,
        0,
        null,
        0,
        0,
        null,
        null,
        null,
        null,
        null,
        null,
        1,
        0,
        null,
        0,
        0,
        0,
        0,
        null,
        0,
        0,
        null,
        null,
        null,
        null
      ],
      "c:/Users/Riad/Documents/Aptana Studio 3 Workspace/WebTutor-master/app/models/user.rb": [
        1,
        null,
        1,
        null,
        null,
        null
      ]
    },
    "timestamp": 1398816514
  },
  "RSpec": {
    "coverage": {
      "c:/Users/Riad/Documents/Aptana Studio 3 Workspace/WebTutor-master/app/controllers/access_controller.rb": [
        1,
        null,
        1,
        null,
        1,
        null,
        0,
        0,
        null,
        0,
        null,
        0,
        null,
        0,
        null,
        null,
        null,
        null,
        1,
        null,
        null,
        null,
        null,
        1,
        null,
        null,
        null,
        1,
        null,
        null,
        null,
        null,
        1,
        0,
        0,
        0,
        0,
        0,
        null,
        null,
        0,
        null,
        0,
        0,
        null,
        null,
        0,
        null,
        0,
        0,
        0,
        0,
        null,
        0,
        null,
        0,
        null,
        0,
        null,
        0,
        null,
        null,
        null,
        0,
        0,
        null,
        null,
        0,
        0,
        null,
        null,
        null,
        1,
        null,
        0,
        0,
        0,
        0,
        0,
        null,
        null,
        null
      ],
      "c:/Users/Riad/Documents/Aptana Studio 3 Workspace/WebTutor-master/app/controllers/application_controller.rb": [
        1,
        1,
        null,
        1,
        null,
        1,
        0,
        0,
        0,
        0,
        0,
        0,
        null,
        0,
        0,
        null,
        null,
        null,
        null
      ],
      "c:/Users/Riad/Documents/Aptana Studio 3 Workspace/WebTutor-master/app/helpers/application_helper.rb": [
        1,
        null
      ],
      "c:/Users/Riad/Documents/Aptana Studio 3 Workspace/WebTutor-master/app/helpers/access_helper.rb": [
        1,
        null
      ],
      "c:/Users/Riad/Documents/Aptana Studio 3 Workspace/WebTutor-master/app/helpers/comments_helper.rb": [
        1,
        null
      ],
      "c:/Users/Riad/Documents/Aptana Studio 3 Workspace/WebTutor-master/app/helpers/tutorials_helper.rb": [
        1,
        null
      ],
      "c:/Users/Riad/Documents/Aptana Studio 3 Workspace/WebTutor-master/app/helpers/users_helper.rb": [
        1,
        null
      ],
      "c:/Users/Riad/Documents/Aptana Studio 3 Workspace/WebTutor-master/app/controllers/comments_controller.rb": [
        1,
        null,
        null,
        1,
        0,
        null,
        0,
        0,
        0,
        null,
        null,
        null,
        null,
        1,
        0,
        null,
        null,
        null,
        null,
        1,
        0,
        0,
        null,
        0,
        0,
        0,
        0,
        0,
        null,
        0,
        0,
        null,
        null,
        null,
        null,
        null,
        null,
        1,
        0,
        null,
        0,
        0,
        0,
        0,
        null,
        0,
        0,
        null,
        null,
        null,
        null,
        null,
        null,
        1,
        0,
        0,
        null,
        0,
        0,
        0,
        null,
        null,
        null
      ],
      "c:/Users/Riad/Documents/Aptana Studio 3 Workspace/WebTutor-master/app/models/comment.rb": [
        1,
        1,
        null,
        1,
        1,
        1,
        null,
        null
      ],
      "c:/Users/Riad/Documents/Aptana Studio 3 Workspace/WebTutor-master/app/controllers/tutorials_controller.rb": [
        1,
        null,
        null,
        1,
        0,
        null,
        0,
        0,
        0,
        null,
        null,
        null,
        null,
        null,
        1,
        0,
        null,
        0,
        0,
        0,
        null,
        null,
        null,
        null,
        null,
        1,
        0,
        null,
        0,
        0,
        0,
        null,
        null,
        null,
        null,
        1,
        0,
        null,
        null,
        null,
        null,
        1,
        0,
        null,
        0,
        0,
        0,
        0,
        null,
        0,
        0,
        null,
        null,
        null,
        null,
        null,
        null,
        1,
        0,
        null,
        0,
        0,
        0,
        0,
        null,
        0,
        0,
        null,
        null,
        null,
        null,
        null,
        null,
        1,
        0,
        0,
        null,
        0,
        0,
        0,
        null,
        null,
        null
      ],
      "c:/Users/Riad/Documents/Aptana Studio 3 Workspace/WebTutor-master/app/models/tutorial.rb": [
        1,
        1,
        null,
        1,
        null,
        1,
        null,
        null,
        1,
        1,
        1,
        null,
        null,
        null,
        1,
        1,
        null
      ],
      "c:/Users/Riad/Documents/Aptana Studio 3 Workspace/WebTutor-master/app/controllers/users_controller.rb": [
        1,
        null,
        null,
        1,
        null,
        1,
        0,
        null,
        0,
        0,
        0,
        null,
        null,
        null,
        null,
        null,
        1,
        0,
        null,
        0,
        0,
        0,
        null,
        null,
        null,
        null,
        null,
        1,
        0,
        null,
        0,
        0,
        0,
        null,
        null,
        null,
        null,
        1,
        0,
        null,
        null,
        null,
        null,
        1,
        0,
        null,
        0,
        0,
        0,
        0,
        null,
        0,
        0,
        null,
        null,
        null,
        null,
        null,
        null,
        1,
        0,
        null,
        0,
        0,
        0,
        0,
        null,
        0,
        0,
        null,
        null,
        null,
        null
      ],
      "c:/Users/Riad/Documents/Aptana Studio 3 Workspace/WebTutor-master/app/models/user.rb": [
        1,
        1,
        1,
        null,
        null,
        null
      ]
    },
    "timestamp": 1398817535
  }
}
